#
0.977591 0.985377 0.013277
0.906001 0.988247 0.065480
0.803579 0.996993 0.108328
0.879531 0.995353 0.082680
0.801925 0.988657 0.121304
0.998346 0.982233 0.015389
0.936231 0.989477 0.055824
0.973831 0.982780 0.028063
0.889758 0.998223 0.059445
0.981651 0.986333 0.000905
0.921642 0.987427 0.086301
0.946308 0.989887 0.035607
0.876372 0.985650 0.093844
0.926305 0.987700 0.073627
0.803730 1.000000 0.076041
1.000000 0.986470 0.000000
0.844939 0.985103 0.102595
0.958189 0.986880 0.013277
0.856670 0.996720 0.097767
0.805986 0.999453 0.092939
0.836968 0.987290 0.106820
0.113100 0.438978 0.874774
0.125132 0.429548 0.864816
0.000000 0.438704 1.000000
0.152805 0.438704 0.818045
0.145135 0.437611 0.848521
0.181230 0.425994 0.816536
0.167093 0.434331 0.788171
0.011430 0.441848 0.968618
0.073244 0.443351 0.926976
0.105129 0.440618 0.941460
0.119416 0.438704 0.859988
0.157016 0.426814 0.827399
0.111295 0.441711 0.910984
0.167394 0.433648 0.798733
0.120770 0.434741 0.894991
0.052940 0.443214 0.953229
0.034892 0.440891 0.979783
0.242894 0.007653 0.369342
0.228155 0.015170 0.345504
0.294631 0.000000 0.355763
0.234622 0.010660 0.348521
0.283802 0.004510 0.356367
0.288765 0.004783 0.353048
0.230110 0.012710 0.350935
0.267709 0.009157 0.356367
0.281696 0.005467 0.345806
0.225899 0.018450 0.335546
0.229508 0.015580 0.337960
#
