#
0.022409 0.014623 0.986723
0.093999 0.011753 0.934520
0.196421 0.003007 0.891672
0.120469 0.004647 0.917320
0.198075 0.011343 0.878696
0.001654 0.017767 0.984611
0.063769 0.010523 0.944176
0.026169 0.017220 0.971937
0.110242 0.001777 0.940555
0.018349 0.013667 0.999095
0.078358 0.012573 0.913699
0.053692 0.010113 0.964393
0.123628 0.014350 0.906156
0.073695 0.012300 0.926373
0.196270 0.000000 0.923959
0.000000 0.013530 1.000000
0.155061 0.014897 0.897405
0.041811 0.013120 0.986723
0.143330 0.003280 0.902233
0.194014 0.000547 0.907061
0.163032 0.012710 0.893180
#
